


ARM Macro Assembler    Page 1 


    1 00000000         ; <h> Stack Configuration
    2 00000000         ;   <o> Stack Size (in Bytes) <0x0-0xFFFFFFFF:8>
    3 00000000         ; </h>
    4 00000000         
    5 00000000 00000400 
                       Stack_Size
                               EQU              0x00000400
    6 00000000         
    7 00000000                 AREA             STACK, NOINIT, READWRITE, ALIGN
=3
    8 00000000         Stack_Mem
                               SPACE            Stack_Size
    9 00000400         __initial_sp
   10 00000400         
   11 00000400         
   12 00000400         ; <h> Heap Configuration
   13 00000400         ;   <o>  Heap Size (in Bytes) <0x0-0xFFFFFFFF:8>
   14 00000400         ; </h>
   15 00000400         
   16 00000400 00000000 
                       Heap_Size
                               EQU              0x00000000
   17 00000400         
   18 00000400                 AREA             HEAP, NOINIT, READWRITE, ALIGN=
3
   19 00000000         __heap_base
   20 00000000         Heap_Mem
                               SPACE            Heap_Size
   21 00000000         __heap_limit
   22 00000000         
   23 00000000         
   24 00000000                 PRESERVE8
   25 00000000                 THUMB
   26 00000000         
   27 00000000         
   28 00000000         ; Vector Table Mapped to Address 0 at Reset
   29 00000000         
   30 00000000                 AREA             RESET, DATA, READONLY
   31 00000000                 EXPORT           __Vectors
   32 00000000                 EXPORT           __Vectors_End
   33 00000000                 EXPORT           __Vectors_Size
   34 00000000         
   35 00000000         __Vectors
   36 00000000 00000000        DCD              __initial_sp ;0,  load top of s
                                                            tack
   37 00000004 00000000        DCD              Reset_Handler ; Reset Handler
   38 00000008 00000000        DCD              NMI_Handler ; NMI Handler
   39 0000000C 00000000        DCD              HardFault_Handler 
                                                            ; HardFault Handler
                                                            
   40 00000010 00000000        DCD              0           ; Reserved
   41 00000014 00000000        DCD              0           ; Reserved
   42 00000018 00000000        DCD              0           ; Reserved
   43 0000001C 00000000        DCD              0           ; Reserved
   44 00000020 00000000        DCD              0           ; Reserved
   45 00000024 00000000        DCD              0           ; Reserved
   46 00000028 00000000        DCD              0           ; Reserved
   47 0000002C 00000000        DCD              SVC_Handler ; SVCall Handler
   48 00000030 00000000        DCD              0           ; Reserved



ARM Macro Assembler    Page 2 


   49 00000034 00000000        DCD              0           ; Reserved
   50 00000038 00000000        DCD              PendSV_Handler ; PendSV Handler
                                                            
   51 0000003C 00000000        DCD              SysTick_Handler 
                                                            ; SysTick Handler
   52 00000040         
   53 00000040         ; External Interrupts
   54 00000040 00000000        DCD              GPIO0INT_IRQHandler ;16, GPIO0I
                                                            NT IRQHandler
   55 00000044 00000000        DCD              GPIO1INT_IRQHandler ;17, GPIO1I
                                                            NT IRQHandler
   56 00000048 00000000        DCD              GPIO2INT_IRQHandler ;18, GPIO2I
                                                            NT IRQHandler
   57 0000004C 00000000        DCD              GPIO3INT_IRQHandler ;19, GPIO3I
                                                            NT IRQHandler
   58 00000050 00000000        DCD              GPIO4INT_IRQHandler ;20, GPIO4I
                                                            NT IRQHandler
   59 00000054 00000000        DCD              GPIO5INT_IRQHandler ;21, GPIO5I
                                                            NT IRQHandler
   60 00000058 00000000        DCD              GPIO6INT_IRQHandler ;22, GPIO6I
                                                            NT IRQHandler
   61 0000005C 00000000        DCD              GPIO7INT_IRQHandler ;23, GPIO7I
                                                            NT IRQHandler
   62 00000060 00000000        DCD              GPIO8INT_IRQHandler ;24, GPIO8I
                                                            NT IRQHandler
   63 00000064 00000000        DCD              GPIO9INT_IRQHandler ;25, GPIO9I
                                                            NT IRQHandler
   64 00000068 00000000        DCD              GPIO10INT_IRQHandler ;26, GPIO1
                                                            0INT IRQHandler
   65 0000006C 00000000        DCD              GPIO11INT_IRQHandler ;27, GPIO1
                                                            1INT IRQHandler
   66 00000070 00000000        DCD              T16N0INT_IRQHandler ;28, T16N0I
                                                            NT IRQHandler
   67 00000074 00000000        DCD              T16N1INT_IRQHandler ;29, T16N1I
                                                            NT IRQHandler
   68 00000078 00000000        DCD              0           ;30, Reserved
   69 0000007C 00000000        DCD              0           ;31, Reserved
   70 00000080 00000000        DCD              T32N0INT_IRQHandler ;32, T32N0I
                                                            NT IRQHandler
   71 00000084 00000000        DCD              0           ;33, Reserved
   72 00000088 00000000        DCD              0           ;34, Reserved
   73 0000008C 00000000        DCD              0           ;35, Reserved
   74 00000090 00000000        DCD              WDTINT_IRQHandler ;36, WDTINT I
                                                            RQHandler
   75 00000094 00000000        DCD              0           ;37, Reserved
   76 00000098 00000000        DCD              0           ;38, Reserved
   77 0000009C 00000000        DCD              ADCINT_IRQHandler ;39, ADCINT I
                                                            RQHandler
   78 000000A0 00000000        DCD              0           ;40, Reserved
   79 000000A4 00000000        DCD              0           ;41, Reserved
   80 000000A8 00000000        DCD              0           ;42, Reserved
   81 000000AC 00000000        DCD              UART0TINT_IRQHandler ;43, UART0
                                                            TINT IRQHandler
   82 000000B0 00000000        DCD              UART0RINT_IRQHandler ;44, UART0
                                                            RINT IRQHandler
   83 000000B4 00000000        DCD              0           ;45, Reserved
   84 000000B8 00000000        DCD              0           ;46, Reserved
   85 000000BC 00000000        DCD              EMINT_IRQHandler ;47, EMINT IRQ
                                                            Handler



ARM Macro Assembler    Page 3 


   86 000000C0         
   87 000000C0         __Vectors_End
   88 000000C0         
   89 000000C0 000000C0 
                       __Vectors_Size
                               EQU              __Vectors_End - __Vectors
   90 000000C0         
   91 000000C0                 AREA             |.text|, CODE, READONLY
   92 00000000         
   93 00000000         
   94 00000000         ; Reset Handler
   95 00000000         
   96 00000000         Reset_Handler
                               PROC
   97 00000000                 EXPORT           Reset_Handler             [WEAK
]
   98 00000000                 IMPORT           __main
   99 00000000         ;IMPORT  SystemInit
  100 00000000         ;LDR     R0, =SystemInit
  101 00000000         ;BLX     R0
  102 00000000 4806            LDR              R0, =__main
  103 00000002 4700            BX               R0
  104 00000004                 ENDP
  105 00000004         
  106 00000004         ; Dummy Exception IRQHandlers (infinite loops which can 
                       be modified)
  107 00000004         
  108 00000004         NMI_Handler
                               PROC
  109 00000004                 EXPORT           NMI_Handler               [WEAK
]
  110 00000004 E7FE            B                .
  111 00000006                 ENDP
  112 00000006         HardFault_Handler
                               PROC
  113 00000006                 EXPORT           HardFault_Handler         [WEAK
]
  114 00000006 E7FE            B                .
  115 00000008                 ENDP
  116 00000008         SVC_Handler
                               PROC
  117 00000008                 EXPORT           SVC_Handler               [WEAK
]
  118 00000008 E7FE            B                .
  119 0000000A                 ENDP
  120 0000000A         PendSV_Handler
                               PROC
  121 0000000A                 EXPORT           PendSV_Handler            [WEAK
]
  122 0000000A E7FE            B                .
  123 0000000C                 ENDP
  124 0000000C         SysTick_Handler
                               PROC
  125 0000000C                 EXPORT           SysTick_Handler           [WEAK
]
  126 0000000C E7FE            B                .
  127 0000000E                 ENDP
  128 0000000E         
  129 0000000E         Default_Handler



ARM Macro Assembler    Page 4 


                               PROC
  130 0000000E         
  131 0000000E         
  132 0000000E         
  133 0000000E                 EXPORT           GPIO0INT_IRQHandler    [WEAK]
  134 0000000E                 EXPORT           GPIO1INT_IRQHandler    [WEAK]
  135 0000000E                 EXPORT           GPIO2INT_IRQHandler    [WEAK]
  136 0000000E                 EXPORT           GPIO3INT_IRQHandler    [WEAK]
  137 0000000E                 EXPORT           GPIO4INT_IRQHandler    [WEAK]
  138 0000000E                 EXPORT           GPIO5INT_IRQHandler    [WEAK]
  139 0000000E                 EXPORT           GPIO6INT_IRQHandler    [WEAK]
  140 0000000E                 EXPORT           GPIO7INT_IRQHandler    [WEAK]
  141 0000000E                 EXPORT           GPIO8INT_IRQHandler    [WEAK]
  142 0000000E                 EXPORT           GPIO9INT_IRQHandler    [WEAK]
  143 0000000E                 EXPORT           GPIO10INT_IRQHandler    [WEAK]
  144 0000000E                 EXPORT           GPIO11INT_IRQHandler    [WEAK]
  145 0000000E                 EXPORT           T16N0INT_IRQHandler    [WEAK]
  146 0000000E                 EXPORT           T16N1INT_IRQHandler    [WEAK]
  147 0000000E                 EXPORT           T32N0INT_IRQHandler    [WEAK]
  148 0000000E                 EXPORT           WDTINT_IRQHandler    [WEAK]
  149 0000000E                 EXPORT           ADCINT_IRQHandler    [WEAK]
  150 0000000E                 EXPORT           UART0TINT_IRQHandler    [WEAK]
  151 0000000E                 EXPORT           UART0RINT_IRQHandler    [WEAK]
  152 0000000E                 EXPORT           EMINT_IRQHandler    [WEAK]
  153 0000000E         
  154 0000000E         
  155 0000000E         
  156 0000000E         GPIO0INT_IRQHandler
  157 0000000E         GPIO1INT_IRQHandler
  158 0000000E         GPIO2INT_IRQHandler
  159 0000000E         GPIO3INT_IRQHandler
  160 0000000E         GPIO4INT_IRQHandler
  161 0000000E         GPIO5INT_IRQHandler
  162 0000000E         GPIO6INT_IRQHandler
  163 0000000E         GPIO7INT_IRQHandler
  164 0000000E         GPIO8INT_IRQHandler
  165 0000000E         GPIO9INT_IRQHandler
  166 0000000E         GPIO10INT_IRQHandler
  167 0000000E         GPIO11INT_IRQHandler
  168 0000000E         T16N0INT_IRQHandler
  169 0000000E         T16N1INT_IRQHandler
  170 0000000E         T32N0INT_IRQHandler
  171 0000000E         WDTINT_IRQHandler
  172 0000000E         ADCINT_IRQHandler
  173 0000000E         UART0TINT_IRQHandler
  174 0000000E         UART0RINT_IRQHandler
  175 0000000E         EMINT_IRQHandler
  176 0000000E         
  177 0000000E         
  178 0000000E E7FE            B                .
  179 00000010         
  180 00000010                 ENDP
  181 00000010         
  182 00000010         
  183 00000010                 ALIGN
  184 00000010         
  185 00000010         
  186 00000010         ; User Initial Stack & Heap
  187 00000010         



ARM Macro Assembler    Page 5 


  188 00000010                 IF               :DEF:__MICROLIB
  195 00000010         
  196 00000010                 IMPORT           __use_two_region_memory
  197 00000010                 EXPORT           __user_initial_stackheap
  198 00000010         __user_initial_stackheap
  199 00000010         
  200 00000010 4803            LDR              R0, =  Heap_Mem
  201 00000012 4904            LDR              R1, =(Stack_Mem + Stack_Size)
  202 00000014 4A02            LDR              R2, = (Heap_Mem +  Heap_Size)
  203 00000016 4B04            LDR              R3, = Stack_Mem
  204 00000018 4770            BX               LR
  205 0000001A         
  206 0000001A 00 00           ALIGN
  207 0000001C         
  208 0000001C                 ENDIF
  209 0000001C         
  210 0000001C                 END
              00000000 
              00000000 
              00000400 
              00000000 
Command Line: --debug --xref --diag_suppress=9931 --cpu=Cortex-M0 --apcs=interw
ork --depend=.\objects\startup_esem16.d -o.\objects\startup_esem16.o -IC:\Keil_
v5\ARM\RV31\INC -IC:\Keil_v5\ARM\CMSIS\Include -IC:\Keil_v5\ARM\Inc\HR --predef
ine="__UVISION_VERSION SETA 518" --list=.\listings\startup_esem16.lst startup_E
SEM16.s



ARM Macro Assembler    Page 1 Alphabetic symbol ordering
Relocatable symbols

STACK 00000000

Symbol: STACK
   Definitions
      At line 7 in file startup_ESEM16.s
   Uses
      None
Comment: STACK unused
Stack_Mem 00000000

Symbol: Stack_Mem
   Definitions
      At line 8 in file startup_ESEM16.s
   Uses
      At line 201 in file startup_ESEM16.s
      At line 203 in file startup_ESEM16.s

__initial_sp 00000400

Symbol: __initial_sp
   Definitions
      At line 9 in file startup_ESEM16.s
   Uses
      At line 36 in file startup_ESEM16.s
Comment: __initial_sp used once
3 symbols



ARM Macro Assembler    Page 1 Alphabetic symbol ordering
Relocatable symbols

HEAP 00000000

Symbol: HEAP
   Definitions
      At line 18 in file startup_ESEM16.s
   Uses
      None
Comment: HEAP unused
Heap_Mem 00000000

Symbol: Heap_Mem
   Definitions
      At line 20 in file startup_ESEM16.s
   Uses
      At line 200 in file startup_ESEM16.s
      At line 202 in file startup_ESEM16.s

__heap_base 00000000

Symbol: __heap_base
   Definitions
      At line 19 in file startup_ESEM16.s
   Uses
      None
Comment: __heap_base unused
__heap_limit 00000000

Symbol: __heap_limit
   Definitions
      At line 21 in file startup_ESEM16.s
   Uses
      None
Comment: __heap_limit unused
4 symbols



ARM Macro Assembler    Page 1 Alphabetic symbol ordering
Relocatable symbols

RESET 00000000

Symbol: RESET
   Definitions
      At line 30 in file startup_ESEM16.s
   Uses
      None
Comment: RESET unused
__Vectors 00000000

Symbol: __Vectors
   Definitions
      At line 35 in file startup_ESEM16.s
   Uses
      At line 31 in file startup_ESEM16.s
      At line 89 in file startup_ESEM16.s

__Vectors_End 000000C0

Symbol: __Vectors_End
   Definitions
      At line 87 in file startup_ESEM16.s
   Uses
      At line 32 in file startup_ESEM16.s
      At line 89 in file startup_ESEM16.s

3 symbols



ARM Macro Assembler    Page 1 Alphabetic symbol ordering
Relocatable symbols

.text 00000000

Symbol: .text
   Definitions
      At line 91 in file startup_ESEM16.s
   Uses
      None
Comment: .text unused
ADCINT_IRQHandler 0000000E

Symbol: ADCINT_IRQHandler
   Definitions
      At line 172 in file startup_ESEM16.s
   Uses
      At line 77 in file startup_ESEM16.s
      At line 149 in file startup_ESEM16.s

Default_Handler 0000000E

Symbol: Default_Handler
   Definitions
      At line 129 in file startup_ESEM16.s
   Uses
      None
Comment: Default_Handler unused
EMINT_IRQHandler 0000000E

Symbol: EMINT_IRQHandler
   Definitions
      At line 175 in file startup_ESEM16.s
   Uses
      At line 85 in file startup_ESEM16.s
      At line 152 in file startup_ESEM16.s

GPIO0INT_IRQHandler 0000000E

Symbol: GPIO0INT_IRQHandler
   Definitions
      At line 156 in file startup_ESEM16.s
   Uses
      At line 54 in file startup_ESEM16.s
      At line 133 in file startup_ESEM16.s

GPIO10INT_IRQHandler 0000000E

Symbol: GPIO10INT_IRQHandler
   Definitions
      At line 166 in file startup_ESEM16.s
   Uses
      At line 64 in file startup_ESEM16.s
      At line 143 in file startup_ESEM16.s

GPIO11INT_IRQHandler 0000000E

Symbol: GPIO11INT_IRQHandler
   Definitions
      At line 167 in file startup_ESEM16.s
   Uses
      At line 65 in file startup_ESEM16.s



ARM Macro Assembler    Page 2 Alphabetic symbol ordering
Relocatable symbols

      At line 144 in file startup_ESEM16.s

GPIO1INT_IRQHandler 0000000E

Symbol: GPIO1INT_IRQHandler
   Definitions
      At line 157 in file startup_ESEM16.s
   Uses
      At line 55 in file startup_ESEM16.s
      At line 134 in file startup_ESEM16.s

GPIO2INT_IRQHandler 0000000E

Symbol: GPIO2INT_IRQHandler
   Definitions
      At line 158 in file startup_ESEM16.s
   Uses
      At line 56 in file startup_ESEM16.s
      At line 135 in file startup_ESEM16.s

GPIO3INT_IRQHandler 0000000E

Symbol: GPIO3INT_IRQHandler
   Definitions
      At line 159 in file startup_ESEM16.s
   Uses
      At line 57 in file startup_ESEM16.s
      At line 136 in file startup_ESEM16.s

GPIO4INT_IRQHandler 0000000E

Symbol: GPIO4INT_IRQHandler
   Definitions
      At line 160 in file startup_ESEM16.s
   Uses
      At line 58 in file startup_ESEM16.s
      At line 137 in file startup_ESEM16.s

GPIO5INT_IRQHandler 0000000E

Symbol: GPIO5INT_IRQHandler
   Definitions
      At line 161 in file startup_ESEM16.s
   Uses
      At line 59 in file startup_ESEM16.s
      At line 138 in file startup_ESEM16.s

GPIO6INT_IRQHandler 0000000E

Symbol: GPIO6INT_IRQHandler
   Definitions
      At line 162 in file startup_ESEM16.s
   Uses
      At line 60 in file startup_ESEM16.s
      At line 139 in file startup_ESEM16.s

GPIO7INT_IRQHandler 0000000E

Symbol: GPIO7INT_IRQHandler



ARM Macro Assembler    Page 3 Alphabetic symbol ordering
Relocatable symbols

   Definitions
      At line 163 in file startup_ESEM16.s
   Uses
      At line 61 in file startup_ESEM16.s
      At line 140 in file startup_ESEM16.s

GPIO8INT_IRQHandler 0000000E

Symbol: GPIO8INT_IRQHandler
   Definitions
      At line 164 in file startup_ESEM16.s
   Uses
      At line 62 in file startup_ESEM16.s
      At line 141 in file startup_ESEM16.s

GPIO9INT_IRQHandler 0000000E

Symbol: GPIO9INT_IRQHandler
   Definitions
      At line 165 in file startup_ESEM16.s
   Uses
      At line 63 in file startup_ESEM16.s
      At line 142 in file startup_ESEM16.s

HardFault_Handler 00000006

Symbol: HardFault_Handler
   Definitions
      At line 112 in file startup_ESEM16.s
   Uses
      At line 39 in file startup_ESEM16.s
      At line 113 in file startup_ESEM16.s

NMI_Handler 00000004

Symbol: NMI_Handler
   Definitions
      At line 108 in file startup_ESEM16.s
   Uses
      At line 38 in file startup_ESEM16.s
      At line 109 in file startup_ESEM16.s

PendSV_Handler 0000000A

Symbol: PendSV_Handler
   Definitions
      At line 120 in file startup_ESEM16.s
   Uses
      At line 50 in file startup_ESEM16.s
      At line 121 in file startup_ESEM16.s

Reset_Handler 00000000

Symbol: Reset_Handler
   Definitions
      At line 96 in file startup_ESEM16.s
   Uses
      At line 37 in file startup_ESEM16.s
      At line 97 in file startup_ESEM16.s



ARM Macro Assembler    Page 4 Alphabetic symbol ordering
Relocatable symbols


SVC_Handler 00000008

Symbol: SVC_Handler
   Definitions
      At line 116 in file startup_ESEM16.s
   Uses
      At line 47 in file startup_ESEM16.s
      At line 117 in file startup_ESEM16.s

SysTick_Handler 0000000C

Symbol: SysTick_Handler
   Definitions
      At line 124 in file startup_ESEM16.s
   Uses
      At line 51 in file startup_ESEM16.s
      At line 125 in file startup_ESEM16.s

T16N0INT_IRQHandler 0000000E

Symbol: T16N0INT_IRQHandler
   Definitions
      At line 168 in file startup_ESEM16.s
   Uses
      At line 66 in file startup_ESEM16.s
      At line 145 in file startup_ESEM16.s

T16N1INT_IRQHandler 0000000E

Symbol: T16N1INT_IRQHandler
   Definitions
      At line 169 in file startup_ESEM16.s
   Uses
      At line 67 in file startup_ESEM16.s
      At line 146 in file startup_ESEM16.s

T32N0INT_IRQHandler 0000000E

Symbol: T32N0INT_IRQHandler
   Definitions
      At line 170 in file startup_ESEM16.s
   Uses
      At line 70 in file startup_ESEM16.s
      At line 147 in file startup_ESEM16.s

UART0RINT_IRQHandler 0000000E

Symbol: UART0RINT_IRQHandler
   Definitions
      At line 174 in file startup_ESEM16.s
   Uses
      At line 82 in file startup_ESEM16.s
      At line 151 in file startup_ESEM16.s

UART0TINT_IRQHandler 0000000E

Symbol: UART0TINT_IRQHandler
   Definitions



ARM Macro Assembler    Page 5 Alphabetic symbol ordering
Relocatable symbols

      At line 173 in file startup_ESEM16.s
   Uses
      At line 81 in file startup_ESEM16.s
      At line 150 in file startup_ESEM16.s

WDTINT_IRQHandler 0000000E

Symbol: WDTINT_IRQHandler
   Definitions
      At line 171 in file startup_ESEM16.s
   Uses
      At line 74 in file startup_ESEM16.s
      At line 148 in file startup_ESEM16.s

__user_initial_stackheap 00000010

Symbol: __user_initial_stackheap
   Definitions
      At line 198 in file startup_ESEM16.s
   Uses
      At line 197 in file startup_ESEM16.s
Comment: __user_initial_stackheap used once
29 symbols



ARM Macro Assembler    Page 1 Alphabetic symbol ordering
Absolute symbols

Heap_Size 00000000

Symbol: Heap_Size
   Definitions
      At line 16 in file startup_ESEM16.s
   Uses
      At line 20 in file startup_ESEM16.s
      At line 202 in file startup_ESEM16.s

Stack_Size 00000400

Symbol: Stack_Size
   Definitions
      At line 5 in file startup_ESEM16.s
   Uses
      At line 8 in file startup_ESEM16.s
      At line 201 in file startup_ESEM16.s

__Vectors_Size 000000C0

Symbol: __Vectors_Size
   Definitions
      At line 89 in file startup_ESEM16.s
   Uses
      At line 33 in file startup_ESEM16.s
Comment: __Vectors_Size used once
3 symbols



ARM Macro Assembler    Page 1 Alphabetic symbol ordering
External symbols

__main 00000000

Symbol: __main
   Definitions
      At line 98 in file startup_ESEM16.s
   Uses
      At line 102 in file startup_ESEM16.s
Comment: __main used once
__use_two_region_memory 00000000

Symbol: __use_two_region_memory
   Definitions
      At line 196 in file startup_ESEM16.s
   Uses
      None
Comment: __use_two_region_memory unused
2 symbols
379 symbols in table
